[main ea037af] log: 2026-05-14 daily entry
 2 files changed, 10 insertions(+)
 create mode 100644 cron.log
 create mode 100644 logs/2026-05-14.md
fatal: could not read Username for 'https://github.com': Device not configured
[main 1cd2cbb] issues: 2026-05-14
 1 file changed, 12 insertions(+)
 create mode 100644 issues/2026-05-14.md
Done. Issues saved to /Users/rajkumarsatyarapeti/daily-log/issues/2026-05-14.md
[main 9affe92] log: 2026-05-16 daily entry
 2 files changed, 19 insertions(+)
 create mode 100644 logs/2026-05-16.md
fatal: could not read Username for 'https://github.com': Device not configured
[main 8c958c3] issues: 2026-05-16
 1 file changed, 12 insertions(+)
 create mode 100644 issues/2026-05-16.md
Done. Issues saved to /Users/rajkumarsatyarapeti/daily-log/issues/2026-05-16.md
[main 4c3aa8a] log: 2026-05-17 daily entry
 1 file changed, 10 insertions(+)
 create mode 100644 logs/2026-05-17.md
fatal: could not read Username for 'https://github.com': Device not configured
[main 1568539] issues: 2026-05-17
 1 file changed, 12 insertions(+)
 create mode 100644 issues/2026-05-17.md
Done. Issues saved to /Users/rajkumarsatyarapeti/daily-log/issues/2026-05-17.md
[main 70eb628] log: 2026-05-18 daily entry
 2 files changed, 18 insertions(+)
 create mode 100644 logs/2026-05-18.md
fatal: could not read Username for 'https://github.com': Device not configured
[main 9914f83] issues: 2026-05-18
 1 file changed, 12 insertions(+)
 create mode 100644 issues/2026-05-18.md
Done. Issues saved to /Users/rajkumarsatyarapeti/daily-log/issues/2026-05-18.md
[main 9858782] log: 2026-05-19 daily entry
 2 files changed, 18 insertions(+)
 create mode 100644 logs/2026-05-19.md
fatal: could not read Username for 'https://github.com': Device not configured
[main 38f2cf8] issues: 2026-05-19
 1 file changed, 12 insertions(+)
 create mode 100644 issues/2026-05-19.md
Done. Issues saved to /Users/rajkumarsatyarapeti/daily-log/issues/2026-05-19.md
[main da80a17] log: 2026-05-21 daily entry
 2 files changed, 18 insertions(+)
 create mode 100644 logs/2026-05-21.md
fatal: could not read Username for 'https://github.com': Device not configured
[main 905d617] issues: 2026-05-21
 1 file changed, 12 insertions(+)
 create mode 100644 issues/2026-05-21.md
Done. Issues saved to /Users/rajkumarsatyarapeti/daily-log/issues/2026-05-21.md
